C51 COMPILER V9.60.0.0   INITDEVICE                                                        06/29/2024 22:02:34 PAGE 1   


C51 COMPILER V9.60.0.0, COMPILATION OF MODULE INITDEVICE
OBJECT MODULE PLACED IN .\src\InitDevice.OBJ
COMPILER INVOKED BY: C:\SiliconLabs\SimplicityStudio\v5\developer\toolchains\keil_8051\9.60\BIN\C51.exe C:\Users\Yoshida
                    -_Lab\SimplicityStudio\v5_workspace\myProject_3\src\InitDevice.c OMF2 SMALL DEBUG OBJECTEXTEND ROM(LARGE) WARNINGLEVEL(2)
                    - FLOATFUZZY(3) OPTIMIZE(8,SPEED) DEFINE(DEBUG=1) INTVECTOR(0X0000) INTPROMOTE INCDIR(C:\Users\Yoshida_Lab\SimplicityStud
                    -io\v5_workspace\myProject_3\inc;C:/SiliconLabs/SimplicityStudio/v5/developer/sdks/8051/v4.3.1//Device/shared/si8051Base;
                    -C:/SiliconLabs/SimplicityStudio/v5/developer/sdks/8051/v4.3.1//Device/EFM8SB1/inc) PRINT(.\src\InitDevice.lst) COND PAGE
                    -WIDTH(120) PAGELENGTH(65) OBJECT(.\src\InitDevice.OBJ)

line level    source

   1          //=========================================================
   2          // src/InitDevice.c: generated by Hardware Configurator
   3          //
   4          // This file will be regenerated when saving a document.
   5          // leave the sections inside the "$[...]" comment tags alone
   6          // or they will be overwritten!
   7          //=========================================================
   8          
   9          // USER INCLUDES
  10          #include <SI_EFM8SB1_Register_Enums.h>
  11          #include "InitDevice.h"
  12          
  13          // USER PROTOTYPES
  14          // USER FUNCTIONS
  15          
  16          // $[Library Includes]
  17          // [Library Includes]$
  18          
  19          //==============================================================================
  20          // enter_DefaultMode_from_RESET
  21          //==============================================================================
  22          extern void
  23          enter_DefaultMode_from_RESET (void)
  24          {
  25   1        // $[Config Calls]
  26   1        // Save the SFRPAGE
  27   1        uint8_t SFRPAGE_save = SFRPAGE;
  28   1        PORTS_0_enter_DefaultMode_from_RESET ();
  29   1        PBCFG_0_enter_DefaultMode_from_RESET ();
  30   1        // Restore the SFRPAGE
  31   1        SFRPAGE = SFRPAGE_save;
  32   1        // [Config Calls]$
  33   1      
  34   1      }
  35          
  36          extern void
  37          PORTS_0_enter_DefaultMode_from_RESET (void)
  38          {
  39   1        // $[P0 - Port 0 Pin Latch]
  40   1        // [P0 - Port 0 Pin Latch]$
  41   1      
  42   1        // $[P0MDOUT - Port 0 Output Mode]
  43   1        /***********************************************************************
  44   1         - P0.0 output is open-drain
  45   1         - P0.1 output is open-drain
  46   1         - P0.2 output is open-drain
  47   1         - P0.3 output is open-drain
  48   1         - P0.4 output is push-pull
  49   1         - P0.5 output is open-drain
  50   1         - P0.6 output is open-drain
  51   1         - P0.7 output is open-drain
C51 COMPILER V9.60.0.0   INITDEVICE                                                        06/29/2024 22:02:34 PAGE 2   

  52   1         ***********************************************************************/
  53   1        SFRPAGE = 0x00;
  54   1        P0MDOUT = P0MDOUT_B0__OPEN_DRAIN | P0MDOUT_B1__OPEN_DRAIN
  55   1            | P0MDOUT_B2__OPEN_DRAIN | P0MDOUT_B3__OPEN_DRAIN | P0MDOUT_B4__PUSH_PULL
  56   1            | P0MDOUT_B5__OPEN_DRAIN | P0MDOUT_B6__OPEN_DRAIN
  57   1            | P0MDOUT_B7__OPEN_DRAIN;
  58   1        // [P0MDOUT - Port 0 Output Mode]$
  59   1      
  60   1        // $[P0MDIN - Port 0 Input Mode]
  61   1        // [P0MDIN - Port 0 Input Mode]$
  62   1      
  63   1        // $[P0SKIP - Port 0 Skip]
  64   1        // [P0SKIP - Port 0 Skip]$
  65   1      
  66   1        // $[P0MASK - Port 0 Mask]
  67   1        // [P0MASK - Port 0 Mask]$
  68   1      
  69   1        // $[P0MAT - Port 0 Match]
  70   1        // [P0MAT - Port 0 Match]$
  71   1      
  72   1        // $[P0DRV - Port 0 Drive Strength]
  73   1        // [P0DRV - Port 0 Drive Strength]$
  74   1      
  75   1      }
  76          
  77          extern void
  78          PBCFG_0_enter_DefaultMode_from_RESET (void)
  79          {
  80   1        // $[XBR2 - Port I/O Crossbar 2]
  81   1        // [XBR2 - Port I/O Crossbar 2]$
  82   1      
  83   1        // $[XBR0 - Port I/O Crossbar 0]
  84   1        // [XBR0 - Port I/O Crossbar 0]$
  85   1      
  86   1        // $[XBR1 - Port I/O Crossbar 1]
  87   1        // [XBR1 - Port I/O Crossbar 1]$
  88   1      
  89   1      }
  90          


MODULE INFORMATION:   STATIC OVERLAYABLE
   CODE SIZE        =     21    ----
   CONSTANT SIZE    =   ----    ----
   XDATA SIZE       =   ----    ----
   PDATA SIZE       =   ----    ----
   DATA SIZE        =   ----       1
   IDATA SIZE       =   ----    ----
   BIT SIZE         =   ----    ----
   EDATA SIZE       =   ----    ----
   HDATA SIZE       =   ----    ----
   XDATA CONST SIZE =   ----    ----
   FAR CONST SIZE   =   ----    ----
END OF MODULE INFORMATION.


C51 COMPILATION COMPLETE.  0 WARNING(S),  0 ERROR(S)
