C51 COMPILER V9.60.0.0   INTERRUPTS                                                        06/18/2024 18:34:54 PAGE 1   


C51 COMPILER V9.60.0.0, COMPILATION OF MODULE INTERRUPTS
OBJECT MODULE PLACED IN .\src\Interrupts.OBJ
COMPILER INVOKED BY: C:\SiliconLabs\SimplicityStudio\v5\developer\toolchains\keil_8051\9.60\BIN\C51.exe C:\Users\Yoshida
                    -_Lab\SimplicityStudio\v5_workspace\EFM8SB1_Watchdog\src\Interrupts.c OMF2 SMALL DEBUG OBJECTEXTEND ROM(LARGE) WARNINGLEV
                    -EL(2) FLOATFUZZY(3) OPTIMIZE(8,SPEED) DEFINE(DEBUG=1) INTVECTOR(0X0000) INTPROMOTE INCDIR(C:\Users\Yoshida_Lab\Simplicit
                    -yStudio\v5_workspace\EFM8SB1_Watchdog\inc;C:/SiliconLabs/SimplicityStudio/v5/developer/sdks/8051/v4.3.1//Device/shared/s
                    -i8051Base;C:/SiliconLabs/SimplicityStudio/v5/developer/sdks/8051/v4.3.1//Device/EFM8SB1/inc) PRINT(.\src\Interrupts.lst)
                    - COND PAGEWIDTH(120) PAGELENGTH(65) OBJECT(.\src\Interrupts.OBJ)

line level    source

   1          //=========================================================
   2          // src/Interrupts.c: generated by Hardware Configurator
   3          //
   4          // This file will be regenerated when saving a document.
   5          // leave the sections inside the "$[...]" comment tags alone
   6          // or they will be overwritten!
   7          //=========================================================
   8          
   9          
  10          // USER INCLUDES
  11          #include <SI_EFM8SB1_Register_Enums.h>
  12          //-----------------------------------------------------------------------------
  13          // Global CONSTANTS
  14          //-----------------------------------------------------------------------------
  15          
  16          SI_SBIT (LED0, SFR_P1, 1);                 // LED==1 means ON
  17          
  18          //-----------------------------------------------------------------------------
  19          // TIMER2_ISR
  20          //-----------------------------------------------------------------------------
  21          //
  22          // TIMER2 ISR Content goes here. Remember to clear flag bits:
  23          // TMR2CN0::TF2H (Timer # High Byte Overflow Flag)
  24          // TMR2CN0::TF2L (Timer # Low Byte Overflow Flag)
  25          //
  26          //-----------------------------------------------------------------------------
  27          SI_INTERRUPT(TIMER2_ISR, TIMER2_IRQn)
  28          {
  29   1              TMR2CN0_TF2H = 0;                           // clear Timer2 interrupt flag
  30   1              LED0 = !LED0;                         // change state of LED
  31   1      }
  32          
  33          


MODULE INFORMATION:   STATIC OVERLAYABLE
   CODE SIZE        =      8    ----
   CONSTANT SIZE    =   ----    ----
   XDATA SIZE       =   ----    ----
   PDATA SIZE       =   ----    ----
   DATA SIZE        =   ----    ----
   IDATA SIZE       =   ----    ----
   BIT SIZE         =   ----    ----
   EDATA SIZE       =   ----    ----
   HDATA SIZE       =   ----    ----
   XDATA CONST SIZE =   ----    ----
   FAR CONST SIZE   =   ----    ----
END OF MODULE INFORMATION.


C51 COMPILATION COMPLETE.  0 WARNING(S),  0 ERROR(S)
